[2021-03-31T20:39:28.502394+01:00] main.INFO: Successful search: https://api.shutterstock.com/v2/images/search?query=adam&sort=popular&license=commercial [] []
[2021-03-31T20:39:55.638189+01:00] main.INFO: Successful search: https://api.shutterstock.com/v2/images/search?query=adam&sort=popular&license=commercial [] []
[2021-03-31T20:53:44.631586+01:00] main.INFO: Successful search: https://api.shutterstock.com/v2/images/search?query=barnet&sort=popular&license=commercial [] []
[2021-03-31T20:54:27.989731+01:00] main.INFO: Successful search: https://api.shutterstock.com/v2/images/search?query=zombie&sort=popular&license=commercial [] []
[2021-03-31T20:54:57.811909+01:00] main.INFO: Successful search: https://api.shutterstock.com/v2/images/search?sort=popular&license=commercial [] []
[2021-03-31T22:21:54.872974+01:00] main.INFO: Successful search: https://api.shutterstock.com/v2/images/search?query=laptops&sort=popular&license=commercial [] []
[2021-03-31T22:23:08.860494+01:00] main.INFO: Successful search: https://api.shutterstock.com/v2/images/search?sort=popular&license=commercial [] []
[2021-03-31T22:23:31.942799+01:00] main.INFO: Successful search: https://api.shutterstock.com/v2/images/search?sort=popular&license=commercial [] []
[2021-03-31T22:23:36.131181+01:00] main.INFO: Successful search: https://api.shutterstock.com/v2/images/search?sort=popular&license=commercial [] []
[2021-03-31T22:24:18.887427+01:00] main.INFO: Successful search: https://api.shutterstock.com/v2/images/search?query=laptops&sort=popular&license=commercial [] []
[2021-03-31T22:24:22.261672+01:00] main.INFO: Successful search: https://api.shutterstock.com/v2/images/search?query=laptops&sort=popular&license=commercial [] []
[2021-03-31T22:24:50.017005+01:00] main.INFO: Successful search: https://api.shutterstock.com/v2/images/search?query=laptops&sort=popular&license=commercial [] []
[2021-03-31T22:24:54.632686+01:00] main.INFO: Successful search: https://api.shutterstock.com/v2/images/search?query=laptops&sort=popular&license=commercial [] []
[2021-03-31T22:25:11.809614+01:00] main.INFO: Successful search: https://api.shutterstock.com/v2/images/search?query=laptops&sort=popular&license=commercial [] []
[2021-03-31T22:25:15.876365+01:00] main.INFO: Successful search: https://api.shutterstock.com/v2/images/search?query=india&sort=popular&license=commercial [] []
[2021-03-31T22:25:29.340544+01:00] main.INFO: Successful search: https://api.shutterstock.com/v2/images/search?sort=popular&license=commercial [] []
[2021-03-31T22:29:44.152999+01:00] main.INFO: Successful search: https://api.shutterstock.com/v2/images/search?sort=popular&license=commercial [] []
[2021-03-31T22:29:50.642227+01:00] main.INFO: Successful search: https://api.shutterstock.com/v2/images/search?sort=popular&license=commercial [] []
[2021-03-31T22:29:55.412170+01:00] main.INFO: Successful search: https://api.shutterstock.com/v2/images/search?sort=popular&license=commercial [] []
[2021-03-31T22:29:58.061493+01:00] main.INFO: Successful search: https://api.shutterstock.com/v2/images/search?sort=popular&license=commercial [] []
[2021-03-31T22:30:07.125853+01:00] main.INFO: Successful search: https://api.shutterstock.com/v2/images/search?query=laptops&sort=popular&license=commercial [] []
[2021-03-31T22:30:57.381798+01:00] main.INFO: Successful search: https://api.shutterstock.com/v2/images/search?sort=popular&license=commercial [] []
[2021-03-31T22:31:22.037527+01:00] main.INFO: Successful search: https://api.shutterstock.com/v2/images/search?sort=popular&license=commercial [] []
[2021-03-31T22:31:28.760947+01:00] main.INFO: Successful search: https://api.shutterstock.com/v2/images/search?sort=popular&license=commercial [] []
[2021-03-31T22:31:49.672227+01:00] main.INFO: Successful search: https://api.shutterstock.com/v2/images/search?sort=popular&license=commercial [] []
[2021-03-31T22:32:06.413870+01:00] main.INFO: Successful search: https://api.shutterstock.com/v2/images/search?sort=popular&license=commercial [] []
[2021-03-31T22:32:19.053059+01:00] main.INFO: Successful search: https://api.shutterstock.com/v2/images/search?query=laptops&sort=popular&license=commercial [] []
[2021-03-31T22:33:07.628421+01:00] main.INFO: Successful search: https://api.shutterstock.com/v2/images/search?query=laptops&sort=popular&license=commercial [] []
[2021-03-31T22:33:14.578627+01:00] main.INFO: Successful search: https://api.shutterstock.com/v2/images/search?sort=popular&license=commercial [] []
[2021-03-31T22:33:27.713011+01:00] main.INFO: Successful search: https://api.shutterstock.com/v2/images/search?sort=popular&license=commercial [] []
[2021-03-31T22:34:47.016760+01:00] main.INFO: Successful search: https://api.shutterstock.com/v2/images/search?sort=popular&license=commercial [] []
[2021-03-31T22:34:56.955820+01:00] main.INFO: Successful search: https://api.shutterstock.com/v2/images/search?sort=popular&license=commercial [] []
[2021-03-31T22:35:11.277632+01:00] main.INFO: Successful search: https://api.shutterstock.com/v2/images/search?sort=popular&license=commercial [] []
[2021-03-31T22:35:26.026369+01:00] main.INFO: Successful search: https://api.shutterstock.com/v2/images/search?sort=popular&license=commercial [] []
[2021-03-31T22:35:40.762868+01:00] main.INFO: Successful search: https://api.shutterstock.com/v2/images/search?sort=popular&license=commercial [] []
[2021-03-31T22:36:05.185876+01:00] main.INFO: Successful search: https://api.shutterstock.com/v2/images/search?sort=popular&license=commercial [] []
[2021-03-31T22:36:28.660560+01:00] main.INFO: Successful search: https://api.shutterstock.com/v2/images/search?sort=popular&license=commercial [] []
[2021-03-31T22:37:27.818104+01:00] main.INFO: Successful search: https://api.shutterstock.com/v2/images/search?sort=popular&license=commercial [] []
[2021-03-31T22:37:38.829825+01:00] main.INFO: Successful search: https://api.shutterstock.com/v2/images/search?sort=popular&license=commercial [] []
[2021-03-31T22:38:31.537047+01:00] main.INFO: Successful search: https://api.shutterstock.com/v2/images/search?sort=popular&license=commercial [] []
[2021-03-31T22:39:23.336563+01:00] main.INFO: Successful search: https://api.shutterstock.com/v2/images/search?sort=popular&license=commercial [] []
[2021-03-31T22:39:44.256075+01:00] main.INFO: Successful search: https://api.shutterstock.com/v2/images/search?sort=popular&license=commercial [] []
[2021-03-31T22:39:48.515463+01:00] main.INFO: Successful search: https://api.shutterstock.com/v2/images/search?query=laptops&sort=popular&license=commercial [] []
[2021-03-31T22:39:51.980015+01:00] main.INFO: Successful search: https://api.shutterstock.com/v2/images/search?query=cars&sort=popular&license=commercial [] []
[2021-03-31T22:40:02.098527+01:00] main.INFO: Successful search: https://api.shutterstock.com/v2/images/search?sort=popular&license=commercial [] []
[2021-05-25T21:25:06.683766+01:00] main.INFO: Successful search: https://api.shutterstock.com/v2/images/search?sort=popular&license=commercial [] []
[2021-05-25T21:25:20.904800+01:00] main.INFO: Successful search: https://api.shutterstock.com/v2/images/search?sort=popular&license=commercial [] []
[2021-05-25T21:25:24.175141+01:00] main.INFO: Successful search: https://api.shutterstock.com/v2/images/search?query=laptops&sort=popular&license=commercial [] []
